C51 COMPILER V9.56.0.0   DHT61                                                             10/05/2018 17:32:36 PAGE 1   


C51 COMPILER V9.56.0.0, COMPILATION OF MODULE DHT61
OBJECT MODULE PLACED IN .\Objects\dht61.obj
COMPILER INVOKED BY: E:\Keil_v5\C51\BIN\C51.EXE dht61.c OPTIMIZE(8,SPEED) BROWSE DEBUG OBJECTEXTEND PRINT(.\Listings\dht
                    -61.lst) TABS(2) OBJECT(.\Objects\dht61.obj)

line level    source

   1          // c51 header
   2          #include <AT89X52.h>
   3          
   4          unsigned char rh_h = 0;
   5          unsigned char rh_l = 0;
   6          unsigned char t_h = 0;
   7          unsigned char t_l = 0;
   8          unsigned char check_sum = 0;
   9          
  10          
  11          sbit RS = P2 ^ 5;
  12          sbit RW = P2 ^ 4;
  13          sbit E = P2 ^ 3;
  14          
  15          void lcd1602_delay_ms(unsigned int ms)
  16          {
  17   1          unsigned int k;
  18   1          unsigned int t = ms * 100;
  19   1          for (k = 0; k < t; k++)
  20   1              ;
  21   1      }
  22          
  23          void lcd1602_is_busy()
  24          {
  25   1          RS = 0;
  26   1          RW = 1;
  27   1          P0 = 0xff;
  28   1          E = 1;
  29   1          while (P0_7 == 1)
  30   1              ;
  31   1          E = 0;
  32   1      }
  33          
  34          void lcd1602_write_data_busy(unsigned char d)
  35          {
  36   1          lcd1602_is_busy();
  37   1          RS = 1;
  38   1          RW = 0;
  39   1          P0 = d;
  40   1          E = 1;
  41   1          E = 0;
  42   1      }
  43          
  44          void lcd1602_write_directive(unsigned char command)
  45          {
  46   1          RS = 0;
  47   1          RW = 0;
  48   1          P0 = command;
  49   1          E = 1;
  50   1          E = 0;
  51   1      }
  52          
  53          void lcd1602_write_directive_busy(unsigned char command)
  54          {
C51 COMPILER V9.56.0.0   DHT61                                                             10/05/2018 17:32:36 PAGE 2   

  55   1          lcd1602_is_busy();
  56   1          RS = 0;
  57   1          RW = 0;
  58   1          P0 = command;
  59   1          E = 1;
  60   1          E = 0;
  61   1      }
  62          
  63          void lcd1602_init()
  64          {
  65   1          lcd1602_delay_ms(15);
  66   1          lcd1602_write_directive(0x38);
  67   1          lcd1602_delay_ms(5);
  68   1          lcd1602_write_directive(0x38);
  69   1          lcd1602_delay_ms(5);
  70   1          lcd1602_write_directive(0x38);
  71   1          lcd1602_write_directive_busy(0x38);
  72   1          lcd1602_write_directive_busy(0x08);
  73   1          lcd1602_write_directive_busy(0x01);
  74   1          lcd1602_write_directive_busy(0x06);
  75   1          lcd1602_write_directive_busy(0x0c);
  76   1          lcd1602_write_directive_busy(0x80);
  77   1      }
  78          
  79          void lcd1602_write_address(unsigned char x, unsigned char y)
  80          { 
  81   1          x &= 0x0f;
  82   1          y &= 0x01; 
  83   1          if( y == 0)
  84   1          {
  85   2              lcd1602_write_directive_busy(x | 0x80);
  86   2          }
  87   1          else
  88   1          {
  89   2              lcd1602_write_directive_busy((x + 0x40) | 0x80); 
  90   2          }
  91   1      } 
  92          
  93          void lcd1602_display(unsigned char x, unsigned char y, unsigned char d)
  94          {
  95   1          lcd1602_write_address(x, y);
  96   1          lcd1602_write_data_busy(d);
  97   1      }
  98          
  99          unsigned char DHT_transmit_data(void)
 100          {
 101   1          unsigned char d = 0;
 102   1          unsigned char i = 0;
 103   1          for(i = 0; i < 8; ++i)
 104   1          {
 105   2              // start to transmit 1-bit data, delay 50us
 106   2              // while(P3_6 == 1);
 107   2              TH0 = 0xFF;
 108   2              TL0 = 0xA3;
 109   2              TF0 = 0;
 110   2              TR0 = 1;
 111   2              while(TF0 == 0); // delay 50us
 112   2              TR0 = 0;
 113   2              // dealy 30 us
 114   2              // while(P3_6 == 0);
 115   2              TH0 = 0xFF;
 116   2              TL0 = 0xC8;
C51 COMPILER V9.56.0.0   DHT61                                                             10/05/2018 17:32:36 PAGE 3   

 117   2              TF0 = 0;
 118   2              TR0 = 1;
 119   2              while(TF0 == 0);
 120   2              TR0 = 0;
 121   2              // judge the bit is 0 or 1
 122   2              if(P3_6 == 1)
 123   2              {
 124   3                  d |= 0x01;
 125   3                  // dealy 40 us
 126   3                  TH0 = 0xFF;
 127   3                  TL0 = 0xB6;
 128   3                  TF0 = 0;
 129   3                  TR0 = 1;
 130   3                  while(TF0 == 0);
 131   3                  TR0 = 0;
 132   3              }
 133   2              d <<= 1;
 134   2          }
 135   1          return d;
 136   1      }
 137          
 138          unsigned char MCU_get_data_from_DHT(void)
 139          {
 140   1          // data single-bus from high to low
 141   1          P3_6 = 1;
 142   1          P3_6 = 0;
 143   1          //keep it for 20ms, use the timer0
 144   1          // init timer0 value
 145   1          TH0 = 0x6F;
 146   1          TL0 = 0xFF;
 147   1          TF0 = 0;
 148   1          // start timer0
 149   1          TR0 = 1;
 150   1          while(TF0 == 0); // delay 20ms
 151   1          TR0 = 0; //stop timer0
 152   1      
 153   1          // MCU pull up voltage, wait 40us
 154   1          P3_6 = 1;
 155   1          TH0 = 0xFF;
 156   1          TL0 = 0xB6;
 157   1          TF0 = 0;
 158   1          TR0 = 1;
 159   1          while(TF0 == 0); // delay 40us
 160   1          TR0 = 0;
 161   1      
 162   1          // DHT send out response, keep it for 80us
 163   1          TH0 = 0xFF;
 164   1          TL0 = 0x6A;
 165   1          TF0 = 0;
 166   1          TR0 = 1;
 167   1          while(TF0 == 0); // delay 80us
 168   1          TR0 = 0;
 169   1      
 170   1          // DHT pull up voltage, keep it for 80us
 171   1          // while(P3_6 == 0);
 172   1          TH0 = 0xFF;
 173   1          TL0 = 0x6A;
 174   1          TF0 = 0;
 175   1          TR0 = 1;
 176   1          while(TF0 == 0); // delay 80us
 177   1          TR0 = 0;
 178   1      
C51 COMPILER V9.56.0.0   DHT61                                                             10/05/2018 17:32:36 PAGE 4   

 179   1          rh_h = DHT_transmit_data();
 180   1          rh_l = DHT_transmit_data();
 181   1          t_h = DHT_transmit_data();
 182   1          t_l = DHT_transmit_data();
 183   1          check_sum = DHT_transmit_data();
 184   1          // delay 50us
 185   1          TH0 = 0xFF;
 186   1          TL0 = 0xA3;
 187   1          TF0 = 0;
 188   1          TR0 = 1;
 189   1          while(TF0 == 0); // delay 50us
 190   1          TR0 = 0;
 191   1          if(check_sum == rh_h + rh_l + t_h + t_l)
 192   1          {
 193   2              return 1;
 194   2          }
 195   1          else
 196   1          {
 197   2              return 0;
 198   2          }
 199   1      }
 200          
 201          void main(void)
 202          {
 203   1          int i = 0;
 204   1          // set timer0 mode, used for time delay
 205   1          TMOD = 0x01;
 206   1          // stop timer0
 207   1          TR0 = 0;
 208   1          // forbid interrupt of timer0
 209   1          ET0 = 0;
 210   1          // init 1602
 211   1          lcd1602_init();
 212   1          while(1)
 213   1          {
 214   2              if(MCU_get_data_from_DHT())
 215   2              {
 216   3                  if(rh_h > 99) rh_h = 0;
 217   3                  if(t_h > 99) t_h = 0;
 218   3                  lcd1602_display(0, 0, 'R');
 219   3                  lcd1602_display(1, 0, 'H');
 220   3                  lcd1602_display(2, 0, ':');
 221   3                  lcd1602_display(3, 0, rh_h / 10 + '0');
 222   3                  lcd1602_display(4, 0, rh_h % 10 + '0');
 223   3                  lcd1602_display(5, 0, '%');
 224   3      
 225   3                  lcd1602_display(0, 1, 'T');
 226   3                  lcd1602_display(1, 1, ':');
 227   3                  lcd1602_display(2, 1, t_h / 10 + '0');
 228   3                  lcd1602_display(3, 1, t_h % 10 + '0');
 229   3                  lcd1602_display(4, 1, 0xDF);
 230   3                  lcd1602_display(5, 1, 'C');
 231   3                  for(i = 0; i < 50000; i++);
 232   3              }
 233   2          }
 234   1      }


MODULE INFORMATION:   STATIC OVERLAYABLE
   CODE SIZE        =    580    ----
   CONSTANT SIZE    =   ----    ----
   XDATA SIZE       =   ----    ----
C51 COMPILER V9.56.0.0   DHT61                                                             10/05/2018 17:32:36 PAGE 5   

   PDATA SIZE       =   ----    ----
   DATA SIZE        =      5    ----
   IDATA SIZE       =   ----    ----
   BIT SIZE         =   ----    ----
END OF MODULE INFORMATION.


C51 COMPILATION COMPLETE.  0 WARNING(S),  0 ERROR(S)
