C51 COMPILER V9.56.0.0   INT                                                               09/24/2018 13:58:13 PAGE 1   


C51 COMPILER V9.56.0.0, COMPILATION OF MODULE INT
OBJECT MODULE PLACED IN .\Objects\int.obj
COMPILER INVOKED BY: E:\Keil_v5\C51\BIN\C51.EXE int.c OPTIMIZE(8,SPEED) BROWSE DEBUG OBJECTEXTEND PRINT(.\Listings\int.l
                    -st) TABS(2) OBJECT(.\Objects\int.obj)

line level    source

   1          // c51 header
   2          #include <AT89X52.h>
   3          
   4          unsigned char code LED[] = {0x3f, 0x06, 0x5b, 0x4f, 0x66, 0x6d, 0x7d, 0x07, 0x7f, 0x6f};
   5          unsigned char k = 0;
   6          
   7          void INI0(void) interrupt 0
   8          {
   9   1          k++;
  10   1          P2 = LED[k % 10];
  11   1      }
  12           
  13          void main(void)
  14          {
  15   1          IT0  = 1;
  16   1          EA = 1;
  17   1          EX0 = 1;
  18   1          while(1)
  19   1          {
  20   2      
  21   2          }
  22   1      }


MODULE INFORMATION:   STATIC OVERLAYABLE
   CODE SIZE        =     45    ----
   CONSTANT SIZE    =     10    ----
   XDATA SIZE       =   ----    ----
   PDATA SIZE       =   ----    ----
   DATA SIZE        =      1    ----
   IDATA SIZE       =   ----    ----
   BIT SIZE         =   ----    ----
END OF MODULE INFORMATION.


C51 COMPILATION COMPLETE.  0 WARNING(S),  0 ERROR(S)
