C51 COMPILER V9.56.0.0   TIMER                                                             09/23/2018 22:04:30 PAGE 1   


C51 COMPILER V9.56.0.0, COMPILATION OF MODULE TIMER
OBJECT MODULE PLACED IN .\Objects\timer.obj
COMPILER INVOKED BY: E:\Keil_v5\C51\BIN\C51.EXE timer.c OPTIMIZE(8,SPEED) BROWSE DEBUG OBJECTEXTEND PRINT(.\Listings\tim
                    -er.lst) TABS(2) OBJECT(.\Objects\timer.obj)

line level    source

   1          // c51 header
   2          #include <AT89X52.h>
   3          
   4          void to(void) interrupt 1
   5          {
   6   1          TH0 = 0xff;
   7   1          TL0 = 0x18;
   8   1          P0 = 0x0f;
   9   1      }
  10          
  11          void main(void)
  12          {
  13   1          TMOD = 0x01;
  14   1          TH0 = 0xff;
  15   1          TL0 = 0x18;
  16   1          TR0 = 1;
  17   1          ET0 = 1;
  18   1          EA = 1;
  19   1          while(1)
  20   1          {
  21   2      
  22   2          }
  23   1      }


MODULE INFORMATION:   STATIC OVERLAYABLE
   CODE SIZE        =     27    ----
   CONSTANT SIZE    =   ----    ----
   XDATA SIZE       =   ----    ----
   PDATA SIZE       =   ----    ----
   DATA SIZE        =   ----    ----
   IDATA SIZE       =   ----    ----
   BIT SIZE         =   ----    ----
END OF MODULE INFORMATION.


C51 COMPILATION COMPLETE.  0 WARNING(S),  0 ERROR(S)
