C51 COMPILER V9.56.0.0   DEMO                                                              09/22/2018 21:28:28 PAGE 1   


C51 COMPILER V9.56.0.0, COMPILATION OF MODULE DEMO
OBJECT MODULE PLACED IN .\Objects\demo.obj
COMPILER INVOKED BY: E:\Keil_v5\C51\BIN\C51.EXE demo.c OPTIMIZE(8,SPEED) BROWSE DEBUG OBJECTEXTEND PRINT(.\Listings\demo
                    -.lst) TABS(2) OBJECT(.\Objects\demo.obj)

line level    source

   1          
   2          // c51 header
   3          #include <AT89X52.h>
   4          
   5          // with code, it will be put to flash
   6          // without, it will be put to raw, raw is very small
   7          unsigned char code LED[] = {0x3f, 0x06, 0x5b, 0x4f, 0x66, 0x6d, 0x7d, 0x07, 0x7f, 0x6f};
   8          unsigned char code LIGHT[] = {0x01, 0x02, 0x04, 0x08, 0x10, 0x20,
   9                                        0x40, 0x80, 0xc0, 0xe0, 0xf0, 0xf8, 0xfc, 0xfe, 0xff, 0x00};
  10          
  11          // set I/O port, sbit = system bit
  12          sbit U15A0 = P1 ^ 0; // the A0 pin of U15(74HC138) connect to P1_0 pin
  13          sbit U15A1 = P1 ^ 1;
  14          sbit U15A2 = P1 ^ 2;
  15          sbit U15E3 = P1 ^ 3;
  16          
  17          void main(void)
  18          {
  19   1          //
  20   1          unsigned int a = 0;
  21   1          unsigned char c = 0;
  22   1          unsigned char d = 0;
  23   1          unsigned int f = 0;
  24   1          /* code */
  25   1          while (1)
  26   1          {
  27   2              P2 = 0;
  28   2              if (c == 16)
  29   2              {
  30   3                  c = 0;
  31   3              }
  32   2              if (++f == 10000)
  33   2              {
  34   3                  f = 0;
  35   3              }
  36   2              if (d == 0)
  37   2              {
  38   3                  P1 = 0x0b;
  39   3                  P2 = LED[f/1000];
  40   3              }
  41   2              else if (d == 2)
  42   2              {
  43   3                  P1 = 0x0a;
  44   3                  P2 = LED[(f % 1000) / 100];
  45   3              }
  46   2              else if (d == 3)
  47   2              {
  48   3                  P1 = 0x09;
  49   3                  P2 = LED[(f % 100) / 10];
  50   3              }
  51   2              else
  52   2              {
  53   3                  P1 = 0x08;
  54   3                  P2 = LED[f % 10];
C51 COMPILER V9.56.0.0   DEMO                                                              09/22/2018 21:28:28 PAGE 2   

  55   3              }
  56   2              if (++d == 4)
  57   2              {
  58   3                  d = 0;
  59   3              }
  60   2              P0 = LIGHT[c++];
  61   2              for (a = 0; a < 1000; a++)
  62   2                  ;
  63   2          }
  64   1      }


MODULE INFORMATION:   STATIC OVERLAYABLE
   CODE SIZE        =    214    ----
   CONSTANT SIZE    =     26    ----
   XDATA SIZE       =   ----    ----
   PDATA SIZE       =   ----    ----
   DATA SIZE        =   ----       4
   IDATA SIZE       =   ----    ----
   BIT SIZE         =   ----    ----
END OF MODULE INFORMATION.


C51 COMPILATION COMPLETE.  0 WARNING(S),  0 ERROR(S)
