C51 COMPILER V9.56.0.0   PCF8591                                                           10/01/2018 12:03:41 PAGE 1   


C51 COMPILER V9.56.0.0, COMPILATION OF MODULE PCF8591
OBJECT MODULE PLACED IN .\Objects\pcf8591.obj
COMPILER INVOKED BY: E:\Keil_v5\C51\BIN\C51.EXE pcf8591.c OPTIMIZE(8,SPEED) BROWSE DEBUG OBJECTEXTEND PRINT(.\Listings\p
                    -cf8591.lst) TABS(2) OBJECT(.\Objects\pcf8591.obj)

line level    source

   1          // c51 header
   2          #include <AT89X52.h>
   3          #include <Intrins.h>
   4          
   5          // the pin SCL of PCF8591 is connect to pin CN4_5
   6          sbit SCL = P1^7;
   7          sbit SDA = P1^6;
   8          
   9          void iic_start(void)
  10          {
  11   1          SDA = 1;
  12   1          SCL = 1;
  13   1          _nop_();
  14   1          _nop_();
  15   1          SDA = 0;
  16   1          _nop_();
  17   1          _nop_();
  18   1          SCL = 0;
  19   1      }
  20          
  21          void iic_stop(void)
  22          {
  23   1          SDA = 0;
  24   1          SCL = 1;
  25   1          _nop_();
  26   1          _nop_();
  27   1          SDA = 1;
  28   1          // _nop_();
  29   1          // _nop_();
  30   1          // SCL = 0;
  31   1      }
  32          
  33          void pcf8591_write_byte(unsigned char w_data)
  34          {
  35   1          unsigned char i = 0;
  36   1          for(i = 0; i < 8; i++)
  37   1          {
  38   2              if(w_data & 0x80)
  39   2              {
  40   3                  SDA = 1;
  41   3              }
  42   2              else
  43   2              {
  44   3                  SDA = 0;
  45   3              }
  46   2              _nop_();
  47   2              _nop_();
  48   2              SCL = 1;
  49   2              _nop_();
  50   2              w_data = w_data << 1;
  51   2              SCL = 0;
  52   2              _nop_();
  53   2          }
  54   1          SDA = 1;
C51 COMPILER V9.56.0.0   PCF8591                                                           10/01/2018 12:03:41 PAGE 2   

  55   1          _nop_();
  56   1          SCL = 1;
  57   1          _nop_();
  58   1          _nop_();
  59   1          SCL = 0;
  60   1      }
  61          
  62          unsigned char pcf8591_read_byte(void)
  63          {
  64   1          unsigned char r_data = 0;
  65   1          unsigned char i = 0;
  66   1          for(i = 0; i < 8; i++)
  67   1          {
  68   2              r_data = r_data << 1;
  69   2              SDA = 1;
  70   2              SCL = 1;
  71   2              _nop_();
  72   2              _nop_();
  73   2              if(SDA == 1)
  74   2              {
  75   3                  r_data = r_data | 0x01;
  76   3              }
  77   2              else
  78   2              {
  79   3                  r_data = r_data & 0xfe;
  80   3              }
  81   2              SCL = 0;
  82   2              _nop_();
  83   2              _nop_();
  84   2          }
  85   1          return r_data;
  86   1      }
  87          
  88          /*channel: 0~3*/
  89          unsigned char pcf8591_read_char(unsigned char channel)
  90          {
  91   1          unsigned char r_data = 0;
  92   1          iic_start();
  93   1          /*the high 4 bit is specified in chip manual + A2 + A1 + A0 + W/R(0/1)*/
  94   1          /*send write signal*/
  95   1          pcf8591_write_byte(0x90);
  96   1          /*write the control register*/
  97   1          /*choose channel, start D/A*/
  98   1          pcf8591_write_byte(0x40 | channel);
  99   1          /*restart*/
 100   1          iic_start();
 101   1          /*send read signal*/
 102   1          pcf8591_write_byte(0x91);
 103   1          /*read data register*/
 104   1          r_data = pcf8591_read_byte();
 105   1          iic_stop();
 106   1          return r_data;
 107   1      }
 108          
 109          void pcf8591_write_char(unsigned char w_data)
 110          {
 111   1          iic_start();
 112   1          /*the high 4 bit is specified in chip manual + A2 + A1 + A0 + W/R(0/1)*/
 113   1          /*send write signal*/
 114   1          pcf8591_write_byte(0x90);
 115   1          /*send the write address*/
 116   1          /*just need to keep the analogue output active, the 6 bit*/
C51 COMPILER V9.56.0.0   PCF8591                                                           10/01/2018 12:03:41 PAGE 3   

 117   1          pcf8591_write_byte(0x40);
 118   1          /*write data to data register*/
 119   1          pcf8591_write_byte(w_data);
 120   1          iic_stop();
 121   1      }
 122          
 123          void delay(void)
 124          {
 125   1          int i = 0;
 126   1          for(i = 0; i < 20000; i++);
 127   1      }
 128          
 129          
 130          void main(void)
 131          {
 132   1          unsigned char r_data = 0;
 133   1          while(1)
 134   1          {
 135   2              r_data = pcf8591_read_char(0x01);
 136   2              P0 = r_data;
 137   2              delay();
 138   2              pcf8591_write_char(r_data);
 139   2              delay();
 140   2          }
 141   1      }


MODULE INFORMATION:   STATIC OVERLAYABLE
   CODE SIZE        =    189    ----
   CONSTANT SIZE    =   ----    ----
   XDATA SIZE       =   ----    ----
   PDATA SIZE       =   ----    ----
   DATA SIZE        =   ----    ----
   IDATA SIZE       =   ----    ----
   BIT SIZE         =   ----    ----
END OF MODULE INFORMATION.


C51 COMPILATION COMPLETE.  0 WARNING(S),  0 ERROR(S)
