C51 COMPILER V9.56.0.0   LED                                                               09/24/2018 13:23:10 PAGE 1   


C51 COMPILER V9.56.0.0, COMPILATION OF MODULE LED
OBJECT MODULE PLACED IN .\Objects\led.obj
COMPILER INVOKED BY: E:\Keil_v5\C51\BIN\C51.EXE led.c OPTIMIZE(8,SPEED) BROWSE DEBUG OBJECTEXTEND PRINT(.\Listings\led.l
                    -st) TABS(2) OBJECT(.\Objects\led.obj)

line level    source

   1          // c51 header
   2          #include <AT89X52.h>
   3          
   4          // with code, it will be put to flash
   5          // without, it will be put to raw, raw is very small
   6          unsigned char code Font[] = {
   7          0x04,0x24,0x24,0x24,0x7F,0xC4,0x44,0x04,0x04,0xFF,0x04,0x44,0x34,0x05,0x04,0x00,
   8          0x00,0x10,0x12,0x21,0xFE,0x40,0x82,0x02,0x04,0xC8,0x30,0x28,0x44,0x82,0x1F,0x00,
   9          0x01,0x26,0x34,0x2C,0x24,0x24,0x37,0x4C,0x44,0x44,0x4C,0x74,0xC4,0x45,0x06,0x00,
  10          0x00,0x82,0x84,0x89,0x91,0xE1,0xB2,0xAA,0xA4,0xA4,0xAA,0xB2,0x81,0x01,0x01,0x00,
  11          0x00,0x01,0x06,0x1F,0xE0,0x02,0x04,0x18,0xF0,0x10,0x13,0x10,0x10,0x14,0x18,0x00,
  12          0x80,0x00,0x00,0xFF,0x00,0x08,0x30,0xC0,0x02,0x01,0xFE,0x00,0x80,0x60,0x18,0x00,
  13          };
  14          
  15          // set I/O
  16          sbit U15E3 = P1 ^ 3; // the E3 pin of U15(74HC138) connect to P1_3 pin
  17          sbit U14E3 = P1 ^ 4;
  18          
  19          void main(void)
  20          {
  21   1          unsigned char m = 0;
  22   1          unsigned int n = 0;
  23   1          unsigned char index = 0;
  24   1          while (1)
  25   1          {
  26   2              P1 = 0;
  27   2              P0 = 0;
  28   2              P2 = 0;
  29   2              P0 = Font[m + index];
  30   2              P2 = Font[m + index + 16];
  31   2              P1 |= m & 0x07; //save the low 3 bits, throw away the high 5 bits, 0 ~7, eight status
  32   2              if (m < 8)
  33   2              {
  34   3                  U15E3 = 1;
  35   3                  U14E3 = 0;
  36   3              }
  37   2              else
  38   2              {
  39   3                  U14E3 = 1;
  40   3                  U15E3 = 0;
  41   3              }
  42   2              if (++m == 16)
  43   2              {
  44   3                  index += 16;
  45   3                  if (index == 48)
  46   3                  {
  47   4                      index = 0;
  48   4                  }
  49   3                  m = 0;
  50   3                  for (n = 0; n < 50000; n++)
  51   3                      ;
  52   3              }
  53   2              for (n = 0; n < 80; n++)
  54   2                  ;
C51 COMPILER V9.56.0.0   LED                                                               09/24/2018 13:23:10 PAGE 2   

  55   2          }
  56   1      }


MODULE INFORMATION:   STATIC OVERLAYABLE
   CODE SIZE        =    138    ----
   CONSTANT SIZE    =     96    ----
   XDATA SIZE       =   ----    ----
   PDATA SIZE       =   ----    ----
   DATA SIZE        =   ----       4
   IDATA SIZE       =   ----    ----
   BIT SIZE         =   ----    ----
END OF MODULE INFORMATION.


C51 COMPILATION COMPLETE.  0 WARNING(S),  0 ERROR(S)
