C51 COMPILER V9.56.0.0   UART                                                              10/02/2018 11:15:49 PAGE 1   


C51 COMPILER V9.56.0.0, COMPILATION OF MODULE UART
OBJECT MODULE PLACED IN .\Objects\uart.obj
COMPILER INVOKED BY: E:\Keil_v5\C51\BIN\C51.EXE uart.c OPTIMIZE(8,SPEED) BROWSE DEBUG OBJECTEXTEND PRINT(.\Listings\uart
                    -.lst) TABS(2) OBJECT(.\Objects\uart.obj)

line level    source

   1          //c51 header
   2          #include <AT89X52.h> 
   3          
   4          unsigned char recv_data = 0;
   5          void uart_probe(void) interrupt 4
   6          {
   7   1          // if RI, there is some data received
   8   1          if(RI == 1)
   9   1          {
  10   2              recv_data = SBUF;
  11   2              P0 = recv_data;
  12   2              RI = 0; // clear RI
  13   2              SBUF = recv_data + 1; // send the data
  14   2              while(!TI);
  15   2          }
  16   1          if(TI) TI = 0; // clear TI
  17   1      }
  18          
  19          void main(void)
  20          {
  21   1          TMOD &= 0x0F; //empty high 4 bit
  22   1          TMOD |= 0x20; // set timer1 mode, auto reset 
  23   1          // init value, use time1
  24   1          TH1 = 0xFA;
  25   1          TL1 = 0xFA;
  26   1          // start timer
  27   1          TR1 = 1;
  28   1          // set uart mode and enable recv
  29   1          SCON = 0x50;
  30   1          // opne uart interuppt
  31   1          ES = 1;
  32   1          // open the global interrupt switchs
  33   1          EA = 1;
  34   1          while(1)
  35   1          {
  36   2      
  37   2          }
  38   1      }


MODULE INFORMATION:   STATIC OVERLAYABLE
   CODE SIZE        =     52    ----
   CONSTANT SIZE    =   ----    ----
   XDATA SIZE       =   ----    ----
   PDATA SIZE       =   ----    ----
   DATA SIZE        =      1    ----
   IDATA SIZE       =   ----    ----
   BIT SIZE         =   ----    ----
END OF MODULE INFORMATION.


C51 COMPILATION COMPLETE.  0 WARNING(S),  0 ERROR(S)
