C51 COMPILER V9.56.0.0   AT24C02                                                           09/25/2018 22:39:26 PAGE 1   


C51 COMPILER V9.56.0.0, COMPILATION OF MODULE AT24C02
OBJECT MODULE PLACED IN .\Objects\at24c02.obj
COMPILER INVOKED BY: E:\Keil_v5\C51\BIN\C51.EXE at24c02.c OPTIMIZE(8,SPEED) BROWSE DEBUG OBJECTEXTEND PRINT(.\Listings\a
                    -t24c02.lst) TABS(2) OBJECT(.\Objects\at24c02.obj)

line level    source

   1          // c51 header
   2          #include <AT89X52.h>
   3          #include <Intrins.h>
   4          
   5          // the pin SCL of AT24C02 is connect to pin CN4_5
   6          sbit SCL = P1^5;
   7          sbit SDA = P1^4;
   8          
   9          void iic_start(void)
  10          {
  11   1          SDA = 1;
  12   1          SCL = 1;
  13   1          _nop_();
  14   1          _nop_();
  15   1          SDA = 0;
  16   1          _nop_();
  17   1          _nop_();
  18   1          SCL = 0;
  19   1      }
  20          
  21          void iic_stop(void)
  22          {
  23   1          SDA = 0;
  24   1          SCL = 1;
  25   1          _nop_();
  26   1          _nop_();
  27   1          SDA = 1;
  28   1          // _nop_();
  29   1          // _nop_();
  30   1          // SCL = 0;
  31   1      }
  32          
  33          void at24c02_write_byte(unsigned char w_data)
  34          {
  35   1          unsigned char i = 0;
  36   1          for(i = 0; i < 8; i++)
  37   1          {
  38   2              if(w_data & 0x80)
  39   2              {
  40   3                  SDA = 1;
  41   3              }
  42   2              else
  43   2              {
  44   3                  SDA = 0;
  45   3              }
  46   2              _nop_();
  47   2              _nop_();
  48   2              SCL = 1;
  49   2              _nop_();
  50   2              w_data = w_data << 1;
  51   2              SCL = 0;
  52   2              _nop_();
  53   2          }
  54   1          SDA = 1;
C51 COMPILER V9.56.0.0   AT24C02                                                           09/25/2018 22:39:26 PAGE 2   

  55   1          _nop_();
  56   1          SCL = 1;
  57   1          _nop_();
  58   1          _nop_();
  59   1          SCL = 0;
  60   1      }
  61          
  62          unsigned char at24c02_read_byte(void)
  63          {
  64   1          unsigned char r_data = 0;
  65   1          unsigned char i = 0;
  66   1          for(i = 0; i < 8; i++)
  67   1          {
  68   2              r_data = r_data << 1;
  69   2              SDA = 1;
  70   2              SCL = 1;
  71   2              _nop_();
  72   2              _nop_();
  73   2              if(SDA == 1)
  74   2              {
  75   3                  r_data = r_data | 0x01;
  76   3              }
  77   2              else
  78   2              {
  79   3                  r_data = r_data & 0xfe;
  80   3              }
  81   2              SCL = 0;
  82   2              _nop_();
  83   2              _nop_();
  84   2          }
  85   1          return r_data;
  86   1      }
  87          
  88          void at24c02_write_char(unsigned char address, unsigned char w_data)
  89          {
  90   1          iic_start();
  91   1          at24c02_write_byte(0xa0);
  92   1          at24c02_write_byte(address);
  93   1          at24c02_write_byte(w_data);
  94   1          iic_stop();
  95   1      }
  96          
  97          unsigned char at24c02_read_char(unsigned char address)
  98          {
  99   1          unsigned char r_data = 0;
 100   1          iic_start();
 101   1          at24c02_write_byte(0xa0);
 102   1          at24c02_write_byte(address);
 103   1          iic_start();
 104   1          at24c02_write_byte(0xa1);
 105   1          r_data = at24c02_read_byte();
 106   1          iic_stop();
 107   1          return r_data;
 108   1      }
 109          
 110          void main(void)
 111          {
 112   1          unsigned char r_data = 0;
 113   1          r_data = at24c02_read_char(0x03);
 114   1          P0 = r_data;
 115   1          r_data += 1;
 116   1          at24c02_write_char(0x03, r_data);
C51 COMPILER V9.56.0.0   AT24C02                                                           09/25/2018 22:39:26 PAGE 3   

 117   1          while(1)
 118   1          {
 119   2          }
 120   1      }


MODULE INFORMATION:   STATIC OVERLAYABLE
   CODE SIZE        =    167    ----
   CONSTANT SIZE    =   ----    ----
   XDATA SIZE       =   ----    ----
   PDATA SIZE       =   ----    ----
   DATA SIZE        =   ----    ----
   IDATA SIZE       =   ----    ----
   BIT SIZE         =   ----    ----
END OF MODULE INFORMATION.


C51 COMPILATION COMPLETE.  0 WARNING(S),  0 ERROR(S)
